#
# A fatal error has been detected by the Java Runtime Environment:
#
#  EXCEPTION_ACCESS_VIOLATION (0xc0000005) at pc=0x0000000054ff3df2, pid=10300, tid=10444
#
# JRE version: Java(TM) SE Runtime Environment (8.0_91-b14) (build 1.8.0_91-b14)
# Java VM: Java HotSpot(TM) 64-Bit Server VM (25.91-b14 mixed mode windows-amd64 compressed oops)
# Problematic frame:
# V  [jvm.dll+0x143df2]
#
# Failed to write core dump. Minidumps are not enabled by default on client versions of Windows
#
# If you would like to submit a bug report, please visit:
#   http://bugreport.java.com/bugreport/crash.jsp
#

---------------  T H R E A D  ---------------

Current thread (0x00000000028fe000):  JavaThread "main" [_thread_in_vm, id=10444, stack(0x0000000002780000,0x0000000002880000)]

siginfo: ExceptionCode=0xc0000005, reading address 0x0000000000000000

Registers:
RAX=0x0000000000000000, RBX=0x00000000028fe000, RCX=0x0000000000000e00, RDX=0x0000000000000000
RSP=0x000000000287f2e0, RBP=0x0000000000000000, RSI=0x0000000000000000, RDI=0x0000000000000000
R8 =0x0000000000000000, R9 =0x0000000000000000, R10=0x0000000002b57f28, R11=0x00000000550d9d90
R12=0x0000000000000000, R13=0x0000000017007568, R14=0x0000000000000000, R15=0x00000000028fe000
RIP=0x0000000054ff3df2, EFLAGS=0x0000000000010202

Top of Stack: (sp=0x000000000287f2e0)
0x000000000287f2e0:   0000000100060218 0000000100060218
0x000000000287f2f0:   0000000017007568 00000000028fe000
0x000000000287f300:   00000000028fe000 0000000000000000
0x000000000287f310:   0000003900000001 0000000000000000
0x000000000287f320:   0000000000000000 0000000002b6373f
0x000000000287f330:   000000001700ef60 00000000028fe000
0x000000000287f340:   000000000287f4b8 000000000287f468
0x000000000287f350:   00000000028fe1f8 00007ffef554cce2
0x000000000287f360:   000000000287f430 0000000002b47da0
0x000000000287f370:   00000000000000b6 0000000000000000
0x000000000287f380:   00000000028fe000 0000000017007568
0x000000000287f390:   000000000287f470 0000000002b57f54
0x000000000287f3a0:   0000000017007568 000000000287f430
0x000000000287f3b0:   0000000000200021 0000000002b47da0
0x000000000287f3c0:   000000000287f458 0000000000010000
0x000000000287f3d0:   0000000400000002 00000000028fe000 

Instructions: (pc=0x0000000054ff3df2)
0x0000000054ff3dd2:   89 5c 24 20 48 89 74 24 28 48 39 73 08 74 0a 48
0x0000000054ff3de2:   8d 4c 24 20 e8 95 5e 13 00 40 38 35 3e fe 6b 00
0x0000000054ff3df2:   48 8b 3f 48 63 05 e0 5e 6a 00 74 1b 8b 0c 38 85
0x0000000054ff3e02:   c9 74 7c 8b c1 8b 0d 83 39 65 00 48 d3 e0 48 03 


Register to memory mapping:

RAX=0x0000000000000000 is an unknown value
RBX=0x00000000028fe000 is a thread
RCX=0x0000000000000e00 is an unknown value
RDX=0x0000000000000000 is an unknown value
RSP=0x000000000287f2e0 is pointing into the stack for thread: 0x00000000028fe000
RBP=0x0000000000000000 is an unknown value
RSI=0x0000000000000000 is an unknown value
RDI=0x0000000000000000 is an unknown value
R8 =0x0000000000000000 is an unknown value
R9 =0x0000000000000000 is an unknown value
R10=0x0000000002b57f28 is at code_begin+840 in an Interpreter codelet
method entry point (kind = native)  [0x0000000002b57be0, 0x0000000002b58540]  2400 bytes
R11=0x00000000550d9d90 is an unknown value
R12=0x0000000000000000 is an unknown value
R13={method} {0x0000000017007570} 'simxGetObjectHandle' '(ILjava/lang/String;Lcoppelia/IntW;I)I' in 'coppelia/remoteApi'
R14=0x0000000000000000 is an unknown value
R15=0x00000000028fe000 is a thread


Stack: [0x0000000002780000,0x0000000002880000],  sp=0x000000000287f2e0,  free space=1020k
Native frames: (J=compiled Java code, j=interpreted, Vv=VM code, C=native code)

Java frames: (J=compiled Java code, j=interpreted, Vv=VM code)
j  coppelia.remoteApi.simxGetObjectHandle(ILjava/lang/String;Lcoppelia/IntW;I)I+0
j  unitn.aose.warehousesim.adapter.vrep.RailVRep.<init>(Lcoppelia/remoteApi;ILjava/lang/String;FILunitn/aose/warehousesim/adapter/vrep/EnvironmentVRep;)V+95
j  unitn.aose.warehousesim.adapter.vrep.EnvironmentVRep.defineRail(Ljava/lang/String;FI)Lunitn/aose/warehousesim/adapter/vrep/RailVRep;+16
j  unitn.aose.warehousesim.launcher.Launcher.main([Ljava/lang/String;)V+450
v  ~StubRoutines::call_stub

---------------  P R O C E S S  ---------------

Java Threads: ( => current thread )
  0x0000000018d06000 JavaThread "Service Thread" daemon [_thread_blocked, id=12824, stack(0x0000000019300000,0x0000000019400000)]
  0x00000000175fe000 JavaThread "C1 CompilerThread2" daemon [_thread_blocked, id=9028, stack(0x0000000019200000,0x0000000019300000)]
  0x00000000175fc000 JavaThread "C2 CompilerThread1" daemon [_thread_blocked, id=5096, stack(0x0000000019100000,0x0000000019200000)]
  0x000000001759f000 JavaThread "C2 CompilerThread0" daemon [_thread_blocked, id=9060, stack(0x0000000018c00000,0x0000000018d00000)]
  0x000000001759d800 JavaThread "Attach Listener" daemon [_thread_blocked, id=14164, stack(0x0000000018b00000,0x0000000018c00000)]
  0x000000001759a800 JavaThread "Signal Dispatcher" daemon [_thread_blocked, id=11680, stack(0x0000000018a00000,0x0000000018b00000)]
  0x0000000017589000 JavaThread "Finalizer" daemon [_thread_blocked, id=13996, stack(0x0000000018810000,0x0000000018910000)]
  0x0000000002b31000 JavaThread "Reference Handler" daemon [_thread_blocked, id=11952, stack(0x0000000018710000,0x0000000018810000)]
=>0x00000000028fe000 JavaThread "main" [_thread_in_vm, id=10444, stack(0x0000000002780000,0x0000000002880000)]

Other Threads:
  0x0000000017566800 VMThread [stack: 0x0000000018610000,0x0000000018710000] [id=14196]
  0x0000000018d1b000 WatcherThread [stack: 0x0000000019400000,0x0000000019500000] [id=528]

VM state:not at safepoint (normal execution)

VM Mutex/Monitor currently owned by a thread: None

Heap:
 PSYoungGen      total 37888K, used 1310K [0x00000000d6580000, 0x00000000d8f80000, 0x0000000100000000)
  eden space 32768K, 4% used [0x00000000d6580000,0x00000000d66c7b08,0x00000000d8580000)
  from space 5120K, 0% used [0x00000000d8a80000,0x00000000d8a80000,0x00000000d8f80000)
  to   space 5120K, 0% used [0x00000000d8580000,0x00000000d8580000,0x00000000d8a80000)
 ParOldGen       total 86016K, used 0K [0x0000000083000000, 0x0000000088400000, 0x00000000d6580000)
  object space 86016K, 0% used [0x0000000083000000,0x0000000083000000,0x0000000088400000)
 Metaspace       used 2675K, capacity 4596K, committed 4864K, reserved 1056768K
  class space    used 292K, capacity 424K, committed 512K, reserved 1048576K

Card table byte_map: [0x0000000011f00000,0x00000000122f0000] byte_map_base: 0x0000000011ae8000

Marking Bits: (ParMarkBitMap*) 0x00000000556c2f70
 Begin Bits: [0x0000000012990000, 0x00000000148d0000)
 End Bits:   [0x00000000148d0000, 0x0000000016810000)

Polling page: 0x0000000002880000

CodeCache: size=245760Kb used=1123Kb max_used=1123Kb free=244636Kb
 bounds [0x0000000002b40000, 0x0000000002db0000, 0x0000000011b40000]
 total_blobs=287 nmethods=37 adapters=164
 compilation: enabled

Compilation events (10 events):
Event: 1.323 Thread 0x00000000175fe000   33       1       java.util.ArrayList::size (5 bytes)
Event: 1.323 Thread 0x00000000175fe000 nmethod 33 0x0000000002c57810 code [0x0000000002c57960, 0x0000000002c57a70]
Event: 1.599 Thread 0x00000000175fe000   34       3       java.util.Arrays::copyOf (19 bytes)
Event: 1.599 Thread 0x00000000175fe000 nmethod 34 0x0000000002c57ad0 code [0x0000000002c57c40, 0x0000000002c57f68]
Event: 1.599 Thread 0x00000000175fe000   35       1       java.net.URL::getProtocol (5 bytes)
Event: 1.599 Thread 0x00000000175fe000 nmethod 35 0x0000000002c58090 code [0x0000000002c581e0, 0x0000000002c582f0]
Event: 1.600 Thread 0x00000000175fe000   36       3       java.util.HashMap::hash (20 bytes)
Event: 1.600 Thread 0x00000000175fe000 nmethod 36 0x0000000002c58550 code [0x0000000002c586c0, 0x0000000002c58908]
Event: 1.600 Thread 0x00000000175fe000   37       1       java.net.URL::getHost (5 bytes)
Event: 1.600 Thread 0x00000000175fe000 nmethod 37 0x0000000002c589d0 code [0x0000000002c58b20, 0x0000000002c58c30]

GC Heap History (0 events):
No events

Deoptimization events (0 events):
No events

Internal exceptions (2 events):
Event: 0.158 Thread 0x00000000028fe000 Exception <a 'java/lang/NoSuchMethodError': Method sun.misc.Unsafe.defineClass(Ljava/lang/String;[BII)Ljava/lang/Class; name or signature does not match> (0x00000000d6587cc0) thrown at [C:\re\workspace\8-2-build-windows-amd64-cygwin\jdk8u91\6644\hotspot\sr}Ÿh0Ä?
Event: 0.158 Thread 0x00000000028fe000 Exception <a 'java/lang/NoSuchMethodError': Method sun.misc.Unsafe.prefetchRead(Ljava/lang/Object;J)V name or signature does not match> (0x00000000d6587fa8) thrown at [C:\re\workspace\8-2-build-windows-amd64-cygwin\jdk8u91\6644\hotspot\src\share\vm\prims\j

Events (10 events):
Event: 1.324 loading class unitn/aose/warehousesim/api/data/LandingArea
Event: 1.324 loading class unitn/aose/warehousesim/api/data/LandingArea done
Event: 1.325 loading class coppelia/FloatWA
Event: 1.325 loading class coppelia/FloatWA done
Event: 1.599 loading class unitn/aose/warehousesim/adapter/vrep/RailVRep
Event: 1.599 loading class unitn/aose/warehousesim/adapter/vrep/RailVRep done
Event: 1.599 loading class unitn/aose/warehousesim/api/data/Rail
Event: 1.599 loading class unitn/aose/warehousesim/api/data/Rail done
Event: 1.600 loading class unitn/aose/warehousesim/api/MovementState
Event: 1.600 loading class unitn/aose/warehousesim/api/MovementState done


Dynamic libraries:
0x00007ff7a01d0000 - 0x00007ff7a0207000 	C:\Program Files\Java\jdk1.8.0_91\bin\javaw.exe
0x00007fff0c3c0000 - 0x00007fff0c591000 	C:\WINDOWS\SYSTEM32\ntdll.dll
0x00007fff0c080000 - 0x00007fff0c12b000 	C:\WINDOWS\System32\KERNEL32.DLL
0x00007fff08b50000 - 0x00007fff08d6d000 	C:\WINDOWS\System32\KERNELBASE.dll
0x00007fff0c140000 - 0x00007fff0c1e2000 	C:\WINDOWS\System32\ADVAPI32.dll
0x00007fff0a680000 - 0x00007fff0a71e000 	C:\WINDOWS\System32\msvcrt.dll
0x00007fff0bc40000 - 0x00007fff0bc99000 	C:\WINDOWS\System32\sechost.dll
0x00007fff09a10000 - 0x00007fff09b31000 	C:\WINDOWS\System32\RPCRT4.dll
0x00007fff0be40000 - 0x00007fff0bfa5000 	C:\WINDOWS\System32\USER32.dll
0x00007fff09890000 - 0x00007fff098ae000 	C:\WINDOWS\System32\win32u.dll
0x00007fff0c010000 - 0x00007fff0c044000 	C:\WINDOWS\System32\GDI32.dll
0x00007fff08e70000 - 0x00007fff08ff2000 	C:\WINDOWS\System32\gdi32full.dll
0x00007fff00c00000 - 0x00007fff00e7a000 	C:\WINDOWS\WinSxS\amd64_microsoft.windows.common-controls_6595b64144ccf1df_6.0.14393.953_none_42151e83c686086b\COMCTL32.dll
0x00007fff09e00000 - 0x00007fff0a0c8000 	C:\WINDOWS\System32\combase.dll
0x00007fff08d70000 - 0x00007fff08e65000 	C:\WINDOWS\System32\ucrtbase.dll
0x00007fff088b0000 - 0x00007fff0891a000 	C:\WINDOWS\System32\bcryptPrimitives.dll
0x00007fff0c050000 - 0x00007fff0c07e000 	C:\WINDOWS\System32\IMM32.DLL
0x0000000054c80000 - 0x0000000054d52000 	C:\Program Files\Java\jdk1.8.0_91\jre\bin\msvcr100.dll
0x0000000054eb0000 - 0x0000000055743000 	C:\Program Files\Java\jdk1.8.0_91\jre\bin\server\jvm.dll
0x00007fff0a0d0000 - 0x00007fff0a0d8000 	C:\WINDOWS\System32\PSAPI.DLL
0x00007fff04db0000 - 0x00007fff04db9000 	C:\WINDOWS\SYSTEM32\WSOCK32.dll
0x00007fff0c210000 - 0x00007fff0c27a000 	C:\WINDOWS\System32\WS2_32.dll
0x00007fff06730000 - 0x00007fff06753000 	C:\WINDOWS\SYSTEM32\WINMM.dll
0x00007fff01770000 - 0x00007fff0177a000 	C:\WINDOWS\SYSTEM32\VERSION.dll
0x00007fff06700000 - 0x00007fff0672b000 	C:\WINDOWS\SYSTEM32\WINMMBASE.dll
0x00007fff09790000 - 0x00007fff097d2000 	C:\WINDOWS\System32\cfgmgr32.dll
0x0000000054ea0000 - 0x0000000054eaf000 	C:\Program Files\Java\jdk1.8.0_91\jre\bin\verify.dll
0x0000000054e70000 - 0x0000000054e99000 	C:\Program Files\Java\jdk1.8.0_91\jre\bin\java.dll
0x0000000054e50000 - 0x0000000054e66000 	C:\Program Files\Java\jdk1.8.0_91\jre\bin\zip.dll
0x00007fff0a730000 - 0x00007fff0bc39000 	C:\WINDOWS\System32\SHELL32.dll
0x00007fff090b0000 - 0x00007fff0978a000 	C:\WINDOWS\System32\windows.storage.dll
0x00007fff08840000 - 0x00007fff0888c000 	C:\WINDOWS\System32\powrprof.dll
0x00007fff099b0000 - 0x00007fff09a02000 	C:\WINDOWS\System32\shlwapi.dll
0x00007fff08830000 - 0x00007fff0883f000 	C:\WINDOWS\System32\kernel.appcore.dll
0x00007fff097e0000 - 0x00007fff09889000 	C:\WINDOWS\System32\shcore.dll
0x00007fff08890000 - 0x00007fff088a4000 	C:\WINDOWS\System32\profapi.dll
0x00007ffef5540000 - 0x00007ffef5580000 	C:\Program Files (x86)\V-REP3\V-REP_PRO_EDU\programming\remoteApiBindings\java\lib\64Bit\remoteApiJava.dll
0x00007fff080f0000 - 0x00007fff0814c000 	C:\WINDOWS\system32\mswsock.dll
0x00007fff01330000 - 0x00007fff014c2000 	C:\WINDOWS\SYSTEM32\dbghelp.dll

VM Arguments:
jvm_args: -Djava.library.path=C:\Program Files (x86)\V-REP3\V-REP_PRO_EDU\programming\remoteApiBindings\java\lib\64Bit -Dfile.encoding=Cp1252 
java_command: unitn.aose.warehousesim.launcher.Launcher
java_class_path (initial): D:\Develop\EclipseWorkspace\VRepTest\bin
Launcher Type: SUN_STANDARD

Environment Variables:
JAVA_HOME=C:\Program Files\Java\jdk1.8.0_91
USERNAME=Marco
OS=Windows_NT
PROCESSOR_IDENTIFIER=Intel64 Family 6 Model 61 Stepping 4, GenuineIntel



---------------  S Y S T E M  ---------------

OS: Windows 10.0 , 64 bit Build 14393 (10.0.14393.0)

CPU:total 4 (2 cores per cpu, 2 threads per core) family 6 model 61 stepping 4, cmov, cx8, fxsr, mmx, sse, sse2, sse3, ssse3, sse4.1, sse4.2, popcnt, avx, avx2, aes, clmul, erms, 3dnowpref, lzcnt, ht, tsc, tscinvbit, bmi1, bmi2, adx

Memory: 4k page, physical 8190516k(2322496k free), swap 12122676k(2723356k free)

vm_info: Java HotSpot(TM) 64-Bit Server VM (25.91-b14) for windows-amd64 JRE (1.8.0_91-b14), built on Apr  1 2016 00:58:32 by "java_re" with MS VC++ 10.0 (VS2010)

time: Tue Mar 21 17:39:18 2017
elapsed time: 1 seconds (0d 0h 0m 1s)

