#
# A fatal error has been detected by the Java Runtime Environment:
#
#  EXCEPTION_ACCESS_VIOLATION (0xc0000005) at pc=0x0000000054ef3df2, pid=14128, tid=6496
#
# JRE version: Java(TM) SE Runtime Environment (8.0_91-b14) (build 1.8.0_91-b14)
# Java VM: Java HotSpot(TM) 64-Bit Server VM (25.91-b14 mixed mode windows-amd64 compressed oops)
# Problematic frame:
# V  [jvm.dll+0x143df2]
#
# Failed to write core dump. Minidumps are not enabled by default on client versions of Windows
#
# If you would like to submit a bug report, please visit:
#   http://bugreport.java.com/bugreport/crash.jsp
#

---------------  T H R E A D  ---------------

Current thread (0x00000000026de000):  JavaThread "main" [_thread_in_vm, id=6496, stack(0x00000000026f0000,0x00000000027f0000)]

siginfo: ExceptionCode=0xc0000005, reading address 0x0000000000000000

Registers:
RAX=0x0000000000000000, RBX=0x00000000026de000, RCX=0x0000000000000e00, RDX=0x0000000000000000
RSP=0x00000000027eef80, RBP=0x0000000000000000, RSI=0x0000000000000000, RDI=0x0000000000000000
R8 =0x0000000000000000, R9 =0x0000000000000000, R10=0x0000000002917f28, R11=0x0000000054fd9d90
R12=0x0000000000000000, R13=0x0000000016df7568, R14=0x0000000000000000, R15=0x00000000026de000
RIP=0x0000000054ef3df2, EFLAGS=0x0000000000010202

Top of Stack: (sp=0x00000000027eef80)
0x00000000027eef80:   0000000100060218 0000000100060218
0x00000000027eef90:   0000000016df7568 00000000026de000
0x00000000027eefa0:   00000000026de000 0000000000000000
0x00000000027eefb0:   0000001c00000001 0000000000000000
0x00000000027eefc0:   0000000000000000 000000000292373f
0x00000000027eefd0:   0000000016dfef60 00000000026de000
0x00000000027eefe0:   00000000027ef158 00000000027ef108
0x00000000027eeff0:   00000000026de1f8 00007ffefc27cce2
0x00000000027ef000:   00000000027ef0d0 0000000002907da0
0x00000000027ef010:   00000000000000b6 0000000000000000
0x00000000027ef020:   00000000026de000 0000000016df7568
0x00000000027ef030:   00000000027ef110 0000000002917f54
0x00000000027ef040:   0000000016df7568 00000000027ef0d0
0x00000000027ef050:   0000000000200021 0000000002907da0
0x00000000027ef060:   00000000027ef0f8 0000000000010000
0x00000000027ef070:   0000000400000002 00000000026de000 

Instructions: (pc=0x0000000054ef3df2)
0x0000000054ef3dd2:   89 5c 24 20 48 89 74 24 28 48 39 73 08 74 0a 48
0x0000000054ef3de2:   8d 4c 24 20 e8 95 5e 13 00 40 38 35 3e fe 6b 00
0x0000000054ef3df2:   48 8b 3f 48 63 05 e0 5e 6a 00 74 1b 8b 0c 38 85
0x0000000054ef3e02:   c9 74 7c 8b c1 8b 0d 83 39 65 00 48 d3 e0 48 03 


Register to memory mapping:

RAX=0x0000000000000000 is an unknown value
RBX=0x00000000026de000 is a thread
RCX=0x0000000000000e00 is an unknown value
RDX=0x0000000000000000 is an unknown value
RSP=0x00000000027eef80 is pointing into the stack for thread: 0x00000000026de000
RBP=0x0000000000000000 is an unknown value
RSI=0x0000000000000000 is an unknown value
RDI=0x0000000000000000 is an unknown value
R8 =0x0000000000000000 is an unknown value
R9 =0x0000000000000000 is an unknown value
R10=0x0000000002917f28 is at code_begin+840 in an Interpreter codelet
method entry point (kind = native)  [0x0000000002917be0, 0x0000000002918540]  2400 bytes
R11=0x0000000054fd9d90 is an unknown value
R12=0x0000000000000000 is an unknown value
R13={method} {0x0000000016df7570} 'simxGetObjectHandle' '(ILjava/lang/String;Lcoppelia/IntW;I)I' in 'coppelia/remoteApi'
R14=0x0000000000000000 is an unknown value
R15=0x00000000026de000 is a thread


Stack: [0x00000000026f0000,0x00000000027f0000],  sp=0x00000000027eef80,  free space=1019k
Native frames: (J=compiled Java code, j=interpreted, Vv=VM code, C=native code)

Java frames: (J=compiled Java code, j=interpreted, Vv=VM code)
j  coppelia.remoteApi.simxGetObjectHandle(ILjava/lang/String;Lcoppelia/IntW;I)I+0
j  unitn.aose.warehousesim.adapter.vrep.RailVRep.<init>(Lcoppelia/remoteApi;ILjava/lang/String;FILunitn/aose/warehousesim/adapter/vrep/EnvironmentVRep;)V+95
j  unitn.aose.warehousesim.adapter.vrep.EnvironmentVRep.defineRail(Ljava/lang/String;FI)Lunitn/aose/warehousesim/adapter/vrep/RailVRep;+16
j  unitn.aose.warehousesim.launcher.Launcher.main([Ljava/lang/String;)V+450
v  ~StubRoutines::call_stub

---------------  P R O C E S S  ---------------

Java Threads: ( => current thread )
  0x0000000018bfb000 JavaThread "Service Thread" daemon [_thread_blocked, id=12704, stack(0x00000000190e0000,0x00000000191e0000)]
  0x0000000018be0800 JavaThread "C1 CompilerThread2" daemon [_thread_blocked, id=8872, stack(0x0000000018fe0000,0x00000000190e0000)]
  0x00000000173ad800 JavaThread "C2 CompilerThread1" daemon [_thread_blocked, id=14308, stack(0x0000000018ae0000,0x0000000018be0000)]
  0x000000001738e800 JavaThread "C2 CompilerThread0" daemon [_thread_blocked, id=4692, stack(0x00000000189e0000,0x0000000018ae0000)]
  0x000000001738d800 JavaThread "Attach Listener" daemon [_thread_blocked, id=7680, stack(0x00000000188e0000,0x00000000189e0000)]
  0x000000001738a800 JavaThread "Signal Dispatcher" daemon [_thread_blocked, id=12084, stack(0x00000000187e0000,0x00000000188e0000)]
  0x00000000028ea800 JavaThread "Finalizer" daemon [_thread_blocked, id=7996, stack(0x00000000185e0000,0x00000000186e0000)]
  0x00000000028df800 JavaThread "Reference Handler" daemon [_thread_blocked, id=12292, stack(0x00000000184e0000,0x00000000185e0000)]
=>0x00000000026de000 JavaThread "main" [_thread_in_vm, id=6496, stack(0x00000000026f0000,0x00000000027f0000)]

Other Threads:
  0x0000000017357800 VMThread [stack: 0x00000000183e0000,0x00000000184e0000] [id=10332]
  0x0000000018c00000 WatcherThread [stack: 0x00000000191e0000,0x00000000192e0000] [id=9892]

VM state:not at safepoint (normal execution)

VM Mutex/Monitor currently owned by a thread: None

Heap:
 PSYoungGen      total 37888K, used 1310K [0x00000000d6580000, 0x00000000d8f80000, 0x0000000100000000)
  eden space 32768K, 4% used [0x00000000d6580000,0x00000000d66c7b08,0x00000000d8580000)
  from space 5120K, 0% used [0x00000000d8a80000,0x00000000d8a80000,0x00000000d8f80000)
  to   space 5120K, 0% used [0x00000000d8580000,0x00000000d8580000,0x00000000d8a80000)
 ParOldGen       total 86016K, used 0K [0x0000000083000000, 0x0000000088400000, 0x00000000d6580000)
  object space 86016K, 0% used [0x0000000083000000,0x0000000083000000,0x0000000088400000)
 Metaspace       used 2676K, capacity 4596K, committed 4864K, reserved 1056768K
  class space    used 292K, capacity 424K, committed 512K, reserved 1048576K

Card table byte_map: [0x0000000011cc0000,0x00000000120b0000] byte_map_base: 0x00000000118a8000

Marking Bits: (ParMarkBitMap*) 0x00000000555c2f70
 Begin Bits: [0x0000000012750000, 0x0000000014690000)
 End Bits:   [0x0000000014690000, 0x00000000165d0000)

Polling page: 0x00000000026b0000

CodeCache: size=245760Kb used=1124Kb max_used=1124Kb free=244635Kb
 bounds [0x0000000002900000, 0x0000000002b70000, 0x0000000011900000]
 total_blobs=289 nmethods=38 adapters=164
 compilation: enabled

Compilation events (10 events):
Event: 1.473 Thread 0x0000000018be0800   33       3       java.util.Arrays::copyOf (19 bytes)
Event: 1.474 Thread 0x0000000018be0800 nmethod 33 0x0000000002a17450 code [0x0000000002a175c0, 0x0000000002a178e8]
Event: 1.788 Thread 0x0000000018be0800   34       1       java.net.URL::getProtocol (5 bytes)
Event: 1.789 Thread 0x0000000018be0800 nmethod 34 0x0000000002a17a10 code [0x0000000002a17b60, 0x0000000002a17c70]
Event: 1.789 Thread 0x0000000018be0800   35       3       java.util.HashMap::hash (20 bytes)
Event: 1.789 Thread 0x0000000018be0800 nmethod 35 0x0000000002a17cd0 code [0x0000000002a17e40, 0x0000000002a18088]
Event: 1.789 Thread 0x0000000018be0800   36       1       java.net.URL::getHost (5 bytes)
Event: 1.789 Thread 0x0000000018be0800 nmethod 36 0x0000000002a18ad0 code [0x0000000002a18c20, 0x0000000002a18d30]
Event: 1.789 Thread 0x0000000018be0800   37       3       java.util.concurrent.ConcurrentHashMap::tabAt (21 bytes)
Event: 1.790 Thread 0x0000000018be0800 nmethod 37 0x0000000002a19150 code [0x0000000002a192a0, 0x0000000002a194d0]

GC Heap History (0 events):
No events

Deoptimization events (0 events):
No events

Internal exceptions (2 events):
Event: 0.066 Thread 0x00000000026de000 Exception <a 'java/lang/NoSuchMethodError': Method sun.misc.Unsafe.defineClass(Ljava/lang/String;[BII)Ljava/lang/Class; name or signature does not match> (0x00000000d6587cc0) thrown at [C:\re\workspace\8-2-build-windows-amd64-cygwin\jdk8u91\6644\hotspot\sr…¦ÒUvÜ°?
Event: 0.066 Thread 0x00000000026de000 Exception <a 'java/lang/NoSuchMethodError': Method sun.misc.Unsafe.prefetchRead(Ljava/lang/Object;J)V name or signature does not match> (0x00000000d6587fa8) thrown at [C:\re\workspace\8-2-build-windows-amd64-cygwin\jdk8u91\6644\hotspot\src\share\vm\prims\j

Events (10 events):
Event: 1.244 loading class unitn/aose/warehousesim/api/data/LandingArea
Event: 1.244 loading class unitn/aose/warehousesim/api/data/LandingArea done
Event: 1.245 loading class coppelia/FloatWA
Event: 1.245 loading class coppelia/FloatWA done
Event: 1.788 loading class unitn/aose/warehousesim/adapter/vrep/RailVRep
Event: 1.788 loading class unitn/aose/warehousesim/adapter/vrep/RailVRep done
Event: 1.789 loading class unitn/aose/warehousesim/api/data/Rail
Event: 1.789 loading class unitn/aose/warehousesim/api/data/Rail done
Event: 1.789 loading class unitn/aose/warehousesim/api/MovementState
Event: 1.789 loading class unitn/aose/warehousesim/api/MovementState done


Dynamic libraries:
0x00007ff7a01d0000 - 0x00007ff7a0207000 	C:\Program Files\Java\jdk1.8.0_91\bin\javaw.exe
0x00007fff0c3c0000 - 0x00007fff0c591000 	C:\WINDOWS\SYSTEM32\ntdll.dll
0x00007fff0c080000 - 0x00007fff0c12b000 	C:\WINDOWS\System32\KERNEL32.DLL
0x00007fff08b50000 - 0x00007fff08d6d000 	C:\WINDOWS\System32\KERNELBASE.dll
0x00007fff0c140000 - 0x00007fff0c1e2000 	C:\WINDOWS\System32\ADVAPI32.dll
0x00007fff0a680000 - 0x00007fff0a71e000 	C:\WINDOWS\System32\msvcrt.dll
0x00007fff0bc40000 - 0x00007fff0bc99000 	C:\WINDOWS\System32\sechost.dll
0x00007fff09a10000 - 0x00007fff09b31000 	C:\WINDOWS\System32\RPCRT4.dll
0x00007fff0be40000 - 0x00007fff0bfa5000 	C:\WINDOWS\System32\USER32.dll
0x00007fff09890000 - 0x00007fff098ae000 	C:\WINDOWS\System32\win32u.dll
0x00007fff0c010000 - 0x00007fff0c044000 	C:\WINDOWS\System32\GDI32.dll
0x00007fff08e70000 - 0x00007fff08ff2000 	C:\WINDOWS\System32\gdi32full.dll
0x00007fff00c00000 - 0x00007fff00e7a000 	C:\WINDOWS\WinSxS\amd64_microsoft.windows.common-controls_6595b64144ccf1df_6.0.14393.953_none_42151e83c686086b\COMCTL32.dll
0x00007fff09e00000 - 0x00007fff0a0c8000 	C:\WINDOWS\System32\combase.dll
0x00007fff08d70000 - 0x00007fff08e65000 	C:\WINDOWS\System32\ucrtbase.dll
0x00007fff088b0000 - 0x00007fff0891a000 	C:\WINDOWS\System32\bcryptPrimitives.dll
0x00007fff0c050000 - 0x00007fff0c07e000 	C:\WINDOWS\System32\IMM32.DLL
0x0000000055670000 - 0x0000000055742000 	C:\Program Files\Java\jdk1.8.0_91\jre\bin\msvcr100.dll
0x0000000054db0000 - 0x0000000055643000 	C:\Program Files\Java\jdk1.8.0_91\jre\bin\server\jvm.dll
0x00007fff0a0d0000 - 0x00007fff0a0d8000 	C:\WINDOWS\System32\PSAPI.DLL
0x00007fff04db0000 - 0x00007fff04db9000 	C:\WINDOWS\SYSTEM32\WSOCK32.dll
0x00007fff0c210000 - 0x00007fff0c27a000 	C:\WINDOWS\System32\WS2_32.dll
0x00007fff06730000 - 0x00007fff06753000 	C:\WINDOWS\SYSTEM32\WINMM.dll
0x00007fff01770000 - 0x00007fff0177a000 	C:\WINDOWS\SYSTEM32\VERSION.dll
0x00007fff06700000 - 0x00007fff0672b000 	C:\WINDOWS\SYSTEM32\WINMMBASE.dll
0x00007fff09790000 - 0x00007fff097d2000 	C:\WINDOWS\System32\cfgmgr32.dll
0x0000000054da0000 - 0x0000000054daf000 	C:\Program Files\Java\jdk1.8.0_91\jre\bin\verify.dll
0x0000000054d30000 - 0x0000000054d59000 	C:\Program Files\Java\jdk1.8.0_91\jre\bin\java.dll
0x0000000054d10000 - 0x0000000054d26000 	C:\Program Files\Java\jdk1.8.0_91\jre\bin\zip.dll
0x00007fff0a730000 - 0x00007fff0bc39000 	C:\WINDOWS\System32\SHELL32.dll
0x00007fff090b0000 - 0x00007fff0978a000 	C:\WINDOWS\System32\windows.storage.dll
0x00007fff08840000 - 0x00007fff0888c000 	C:\WINDOWS\System32\powrprof.dll
0x00007fff099b0000 - 0x00007fff09a02000 	C:\WINDOWS\System32\shlwapi.dll
0x00007fff08830000 - 0x00007fff0883f000 	C:\WINDOWS\System32\kernel.appcore.dll
0x00007fff097e0000 - 0x00007fff09889000 	C:\WINDOWS\System32\shcore.dll
0x00007fff08890000 - 0x00007fff088a4000 	C:\WINDOWS\System32\profapi.dll
0x00007ffefc270000 - 0x00007ffefc2b0000 	C:\Program Files (x86)\V-REP3\V-REP_PRO_EDU\programming\remoteApiBindings\java\lib\64Bit\remoteApiJava.dll
0x00007fff080f0000 - 0x00007fff0814c000 	C:\WINDOWS\system32\mswsock.dll
0x00007fff01330000 - 0x00007fff014c2000 	C:\WINDOWS\SYSTEM32\dbghelp.dll

VM Arguments:
jvm_args: -Djava.library.path=C:\Program Files (x86)\V-REP3\V-REP_PRO_EDU\programming\remoteApiBindings\java\lib\64Bit -Dfile.encoding=Cp1252 
java_command: unitn.aose.warehousesim.launcher.Launcher
java_class_path (initial): D:\Develop\EclipseWorkspace\VRepTest\bin
Launcher Type: SUN_STANDARD

Environment Variables:
JAVA_HOME=C:\Program Files\Java\jdk1.8.0_91
USERNAME=Marco
OS=Windows_NT
PROCESSOR_IDENTIFIER=Intel64 Family 6 Model 61 Stepping 4, GenuineIntel



---------------  S Y S T E M  ---------------

OS: Windows 10.0 , 64 bit Build 14393 (10.0.14393.0)

CPU:total 4 (2 cores per cpu, 2 threads per core) family 6 model 61 stepping 4, cmov, cx8, fxsr, mmx, sse, sse2, sse3, ssse3, sse4.1, sse4.2, popcnt, avx, avx2, aes, clmul, erms, 3dnowpref, lzcnt, ht, tsc, tscinvbit, bmi1, bmi2, adx

Memory: 4k page, physical 8190516k(2295932k free), swap 12122676k(2729804k free)

vm_info: Java HotSpot(TM) 64-Bit Server VM (25.91-b14) for windows-amd64 JRE (1.8.0_91-b14), built on Apr  1 2016 00:58:32 by "java_re" with MS VC++ 10.0 (VS2010)

time: Tue Mar 21 17:35:00 2017
elapsed time: 1 seconds (0d 0h 0m 1s)

