#
# A fatal error has been detected by the Java Runtime Environment:
#
#  EXCEPTION_ACCESS_VIOLATION (0xc0000005) at pc=0x0000000054ef3df2, pid=12672, tid=8648
#
# JRE version: Java(TM) SE Runtime Environment (8.0_91-b14) (build 1.8.0_91-b14)
# Java VM: Java HotSpot(TM) 64-Bit Server VM (25.91-b14 mixed mode windows-amd64 compressed oops)
# Problematic frame:
# V  [jvm.dll+0x143df2]
#
# Failed to write core dump. Minidumps are not enabled by default on client versions of Windows
#
# If you would like to submit a bug report, please visit:
#   http://bugreport.java.com/bugreport/crash.jsp
#

---------------  T H R E A D  ---------------

Current thread (0x00000000005ee000):  JavaThread "main" [_thread_in_vm, id=8648, stack(0x0000000002610000,0x0000000002710000)]

siginfo: ExceptionCode=0xc0000005, reading address 0x0000000000000000

Registers:
RAX=0x0000000000000000, RBX=0x00000000005ee000, RCX=0x0000000000000e00, RDX=0x0000000000000000
RSP=0x000000000270efb0, RBP=0x0000000000000000, RSI=0x0000000000000000, RDI=0x0000000000000000
R8 =0x0000000000000000, R9 =0x0000000000000000, R10=0x0000000002827f28, R11=0x0000000054fd9d90
R12=0x0000000000000000, R13=0x0000000016cd7568, R14=0x0000000000000000, R15=0x00000000005ee000
RIP=0x0000000054ef3df2, EFLAGS=0x0000000000010202

Top of Stack: (sp=0x000000000270efb0)
0x000000000270efb0:   0000000100060218 0000000100060218
0x000000000270efc0:   0000000016cd7568 00000000005ee000
0x000000000270efd0:   00000000005ee000 0000000000000000
0x000000000270efe0:   0000002700000001 0000000000000000
0x000000000270eff0:   0000000000000000 000000000283373f
0x000000000270f000:   0000000016cdef60 00000000005ee000
0x000000000270f010:   000000000270f188 000000000270f138
0x000000000270f020:   00000000005ee1f8 00007ffefc27cce2
0x000000000270f030:   000000000270f100 0000000002817da0
0x000000000270f040:   00000000000000b6 0000000000000000
0x000000000270f050:   00000000005ee000 0000000016cd7568
0x000000000270f060:   000000000270f140 0000000002827f54
0x000000000270f070:   0000000016cd7568 000000000270f100
0x000000000270f080:   0000000000200021 0000000002817da0
0x000000000270f090:   000000000270f128 0000000000010000
0x000000000270f0a0:   0000000400000002 00000000005ee000 

Instructions: (pc=0x0000000054ef3df2)
0x0000000054ef3dd2:   89 5c 24 20 48 89 74 24 28 48 39 73 08 74 0a 48
0x0000000054ef3de2:   8d 4c 24 20 e8 95 5e 13 00 40 38 35 3e fe 6b 00
0x0000000054ef3df2:   48 8b 3f 48 63 05 e0 5e 6a 00 74 1b 8b 0c 38 85
0x0000000054ef3e02:   c9 74 7c 8b c1 8b 0d 83 39 65 00 48 d3 e0 48 03 


Register to memory mapping:

RAX=0x0000000000000000 is an unknown value
RBX=0x00000000005ee000 is a thread
RCX=0x0000000000000e00 is an unknown value
RDX=0x0000000000000000 is an unknown value
RSP=0x000000000270efb0 is pointing into the stack for thread: 0x00000000005ee000
RBP=0x0000000000000000 is an unknown value
RSI=0x0000000000000000 is an unknown value
RDI=0x0000000000000000 is an unknown value
R8 =0x0000000000000000 is an unknown value
R9 =0x0000000000000000 is an unknown value
R10=0x0000000002827f28 is at code_begin+840 in an Interpreter codelet
method entry point (kind = native)  [0x0000000002827be0, 0x0000000002828540]  2400 bytes
R11=0x0000000054fd9d90 is an unknown value
R12=0x0000000000000000 is an unknown value
R13={method} {0x0000000016cd7570} 'simxGetObjectHandle' '(ILjava/lang/String;Lcoppelia/IntW;I)I' in 'coppelia/remoteApi'
R14=0x0000000000000000 is an unknown value
R15=0x00000000005ee000 is a thread


Stack: [0x0000000002610000,0x0000000002710000],  sp=0x000000000270efb0,  free space=1019k
Native frames: (J=compiled Java code, j=interpreted, Vv=VM code, C=native code)

Java frames: (J=compiled Java code, j=interpreted, Vv=VM code)
j  coppelia.remoteApi.simxGetObjectHandle(ILjava/lang/String;Lcoppelia/IntW;I)I+0
j  unitn.aose.warehousesim.adapter.vrep.RailVRep.<init>(Lcoppelia/remoteApi;ILjava/lang/String;FILunitn/aose/warehousesim/adapter/vrep/EnvironmentVRep;)V+95
j  unitn.aose.warehousesim.adapter.vrep.EnvironmentVRep.defineRail(Ljava/lang/String;FI)Lunitn/aose/warehousesim/adapter/vrep/RailVRep;+16
j  unitn.aose.warehousesim.launcher.Launcher.main([Ljava/lang/String;)V+450
v  ~StubRoutines::call_stub

---------------  P R O C E S S  ---------------

Java Threads: ( => current thread )
  0x0000000018be1000 JavaThread "Service Thread" daemon [_thread_blocked, id=7324, stack(0x0000000018fb0000,0x00000000190b0000)]
  0x000000001729d800 JavaThread "C1 CompilerThread2" daemon [_thread_blocked, id=7316, stack(0x0000000018ab0000,0x0000000018bb0000)]
  0x0000000017276800 JavaThread "C2 CompilerThread1" daemon [_thread_blocked, id=12984, stack(0x00000000189b0000,0x0000000018ab0000)]
  0x000000001726f000 JavaThread "C2 CompilerThread0" daemon [_thread_blocked, id=11452, stack(0x00000000188b0000,0x00000000189b0000)]
  0x000000001726d800 JavaThread "Attach Listener" daemon [_thread_blocked, id=6164, stack(0x00000000187b0000,0x00000000188b0000)]
  0x000000001726a800 JavaThread "Signal Dispatcher" daemon [_thread_blocked, id=10676, stack(0x00000000186b0000,0x00000000187b0000)]
  0x000000000280a800 JavaThread "Finalizer" daemon [_thread_blocked, id=11764, stack(0x00000000184c0000,0x00000000185c0000)]
  0x00000000027ff800 JavaThread "Reference Handler" daemon [_thread_blocked, id=13120, stack(0x00000000183c0000,0x00000000184c0000)]
=>0x00000000005ee000 JavaThread "main" [_thread_in_vm, id=8648, stack(0x0000000002610000,0x0000000002710000)]

Other Threads:
  0x0000000017237800 VMThread [stack: 0x00000000182c0000,0x00000000183c0000] [id=5564]
  0x0000000018be3000 WatcherThread [stack: 0x00000000190b0000,0x00000000191b0000] [id=13848]

VM state:not at safepoint (normal execution)

VM Mutex/Monitor currently owned by a thread: None

Heap:
 PSYoungGen      total 37888K, used 1310K [0x00000000d6580000, 0x00000000d8f80000, 0x0000000100000000)
  eden space 32768K, 4% used [0x00000000d6580000,0x00000000d66c7b08,0x00000000d8580000)
  from space 5120K, 0% used [0x00000000d8a80000,0x00000000d8a80000,0x00000000d8f80000)
  to   space 5120K, 0% used [0x00000000d8580000,0x00000000d8580000,0x00000000d8a80000)
 ParOldGen       total 86016K, used 0K [0x0000000083000000, 0x0000000088400000, 0x00000000d6580000)
  object space 86016K, 0% used [0x0000000083000000,0x0000000083000000,0x0000000088400000)
 Metaspace       used 2674K, capacity 4596K, committed 4864K, reserved 1056768K
  class space    used 292K, capacity 424K, committed 512K, reserved 1048576K

Card table byte_map: [0x0000000011bd0000,0x0000000011fc0000] byte_map_base: 0x00000000117b8000

Marking Bits: (ParMarkBitMap*) 0x00000000555c2f70
 Begin Bits: [0x0000000012660000, 0x00000000145a0000)
 End Bits:   [0x00000000145a0000, 0x00000000164e0000)

Polling page: 0x0000000002470000

CodeCache: size=245760Kb used=1123Kb max_used=1123Kb free=244636Kb
 bounds [0x0000000002810000, 0x0000000002a80000, 0x0000000011810000]
 total_blobs=287 nmethods=36 adapters=164
 compilation: enabled

Compilation events (10 events):
Event: 0.497 Thread 0x000000001729d800   32       1       java.util.ArrayList::size (5 bytes)
Event: 0.497 Thread 0x000000001729d800 nmethod 32 0x0000000002927190 code [0x00000000029272e0, 0x00000000029273f0]
Event: 0.741 Thread 0x000000001729d800   33       3       java.util.Arrays::copyOf (19 bytes)
Event: 0.741 Thread 0x000000001729d800 nmethod 33 0x0000000002927450 code [0x00000000029275c0, 0x00000000029278e8]
Event: 0.741 Thread 0x000000001729d800   34       1       java.net.URL::getProtocol (5 bytes)
Event: 0.741 Thread 0x000000001729d800 nmethod 34 0x0000000002927a10 code [0x0000000002927b60, 0x0000000002927c70]
Event: 0.743 Thread 0x000000001729d800   35       3       java.util.HashMap::hash (20 bytes)
Event: 0.743 Thread 0x000000001729d800 nmethod 35 0x0000000002927ed0 code [0x0000000002928040, 0x0000000002928288]
Event: 0.744 Thread 0x000000001729d800   36       1       java.net.URL::getHost (5 bytes)
Event: 0.744 Thread 0x000000001729d800 nmethod 36 0x0000000002928350 code [0x00000000029284a0, 0x00000000029285b0]

GC Heap History (0 events):
No events

Deoptimization events (0 events):
No events

Internal exceptions (2 events):
Event: 0.045 Thread 0x00000000005ee000 Exception <a 'java/lang/NoSuchMethodError': Method sun.misc.Unsafe.defineClass(Ljava/lang/String;[BII)Ljava/lang/Class; name or signature does not match> (0x00000000d6587cc0) thrown at [C:\re\workspace\8-2-build-windows-amd64-cygwin\jdk8u91\6644\hotspot\sr	µ°ø§?
Event: 0.045 Thread 0x00000000005ee000 Exception <a 'java/lang/NoSuchMethodError': Method sun.misc.Unsafe.prefetchRead(Ljava/lang/Object;J)V name or signature does not match> (0x00000000d6587fa8) thrown at [C:\re\workspace\8-2-build-windows-amd64-cygwin\jdk8u91\6644\hotspot\src\share\vm\prims\j

Events (10 events):
Event: 0.497 loading class unitn/aose/warehousesim/api/data/LandingArea
Event: 0.497 loading class unitn/aose/warehousesim/api/data/LandingArea done
Event: 0.498 loading class coppelia/FloatWA
Event: 0.498 loading class coppelia/FloatWA done
Event: 0.741 loading class unitn/aose/warehousesim/adapter/vrep/RailVRep
Event: 0.741 loading class unitn/aose/warehousesim/adapter/vrep/RailVRep done
Event: 0.742 loading class unitn/aose/warehousesim/api/data/Rail
Event: 0.742 loading class unitn/aose/warehousesim/api/data/Rail done
Event: 0.742 loading class unitn/aose/warehousesim/api/MovementState
Event: 0.742 loading class unitn/aose/warehousesim/api/MovementState done


Dynamic libraries:
0x00007ff7a01d0000 - 0x00007ff7a0207000 	C:\Program Files\Java\jdk1.8.0_91\bin\javaw.exe
0x00007fff0c3c0000 - 0x00007fff0c591000 	C:\WINDOWS\SYSTEM32\ntdll.dll
0x00007fff0c080000 - 0x00007fff0c12b000 	C:\WINDOWS\System32\KERNEL32.DLL
0x00007fff08b50000 - 0x00007fff08d6d000 	C:\WINDOWS\System32\KERNELBASE.dll
0x00007fff0c140000 - 0x00007fff0c1e2000 	C:\WINDOWS\System32\ADVAPI32.dll
0x00007fff0a680000 - 0x00007fff0a71e000 	C:\WINDOWS\System32\msvcrt.dll
0x00007fff0bc40000 - 0x00007fff0bc99000 	C:\WINDOWS\System32\sechost.dll
0x00007fff09a10000 - 0x00007fff09b31000 	C:\WINDOWS\System32\RPCRT4.dll
0x00007fff0be40000 - 0x00007fff0bfa5000 	C:\WINDOWS\System32\USER32.dll
0x00007fff09890000 - 0x00007fff098ae000 	C:\WINDOWS\System32\win32u.dll
0x00007fff0c010000 - 0x00007fff0c044000 	C:\WINDOWS\System32\GDI32.dll
0x00007fff08e70000 - 0x00007fff08ff2000 	C:\WINDOWS\System32\gdi32full.dll
0x00007fff00c00000 - 0x00007fff00e7a000 	C:\WINDOWS\WinSxS\amd64_microsoft.windows.common-controls_6595b64144ccf1df_6.0.14393.953_none_42151e83c686086b\COMCTL32.dll
0x00007fff09e00000 - 0x00007fff0a0c8000 	C:\WINDOWS\System32\combase.dll
0x00007fff08d70000 - 0x00007fff08e65000 	C:\WINDOWS\System32\ucrtbase.dll
0x00007fff088b0000 - 0x00007fff0891a000 	C:\WINDOWS\System32\bcryptPrimitives.dll
0x00007fff0c050000 - 0x00007fff0c07e000 	C:\WINDOWS\System32\IMM32.DLL
0x0000000055670000 - 0x0000000055742000 	C:\Program Files\Java\jdk1.8.0_91\jre\bin\msvcr100.dll
0x0000000054db0000 - 0x0000000055643000 	C:\Program Files\Java\jdk1.8.0_91\jre\bin\server\jvm.dll
0x00007fff0a0d0000 - 0x00007fff0a0d8000 	C:\WINDOWS\System32\PSAPI.DLL
0x00007fff04db0000 - 0x00007fff04db9000 	C:\WINDOWS\SYSTEM32\WSOCK32.dll
0x00007fff06730000 - 0x00007fff06753000 	C:\WINDOWS\SYSTEM32\WINMM.dll
0x00007fff0c210000 - 0x00007fff0c27a000 	C:\WINDOWS\System32\WS2_32.dll
0x00007fff01770000 - 0x00007fff0177a000 	C:\WINDOWS\SYSTEM32\VERSION.dll
0x00007fff06700000 - 0x00007fff0672b000 	C:\WINDOWS\SYSTEM32\WINMMBASE.dll
0x00007fff09790000 - 0x00007fff097d2000 	C:\WINDOWS\System32\cfgmgr32.dll
0x0000000054da0000 - 0x0000000054daf000 	C:\Program Files\Java\jdk1.8.0_91\jre\bin\verify.dll
0x0000000054d30000 - 0x0000000054d59000 	C:\Program Files\Java\jdk1.8.0_91\jre\bin\java.dll
0x0000000054d10000 - 0x0000000054d26000 	C:\Program Files\Java\jdk1.8.0_91\jre\bin\zip.dll
0x00007fff0a730000 - 0x00007fff0bc39000 	C:\WINDOWS\System32\SHELL32.dll
0x00007fff090b0000 - 0x00007fff0978a000 	C:\WINDOWS\System32\windows.storage.dll
0x00007fff08840000 - 0x00007fff0888c000 	C:\WINDOWS\System32\powrprof.dll
0x00007fff099b0000 - 0x00007fff09a02000 	C:\WINDOWS\System32\shlwapi.dll
0x00007fff08830000 - 0x00007fff0883f000 	C:\WINDOWS\System32\kernel.appcore.dll
0x00007fff097e0000 - 0x00007fff09889000 	C:\WINDOWS\System32\shcore.dll
0x00007fff08890000 - 0x00007fff088a4000 	C:\WINDOWS\System32\profapi.dll
0x00007ffefc270000 - 0x00007ffefc2b0000 	C:\Program Files (x86)\V-REP3\V-REP_PRO_EDU\programming\remoteApiBindings\java\lib\64Bit\remoteApiJava.dll
0x00007fff080f0000 - 0x00007fff0814c000 	C:\WINDOWS\system32\mswsock.dll
0x00007fff01330000 - 0x00007fff014c2000 	C:\WINDOWS\SYSTEM32\dbghelp.dll

VM Arguments:
jvm_args: -Djava.library.path=C:\Program Files (x86)\V-REP3\V-REP_PRO_EDU\programming\remoteApiBindings\java\lib\64Bit -Dfile.encoding=Cp1252 
java_command: unitn.aose.warehousesim.launcher.Launcher
java_class_path (initial): D:\Develop\EclipseWorkspace\VRepTest\bin
Launcher Type: SUN_STANDARD

Environment Variables:
JAVA_HOME=C:\Program Files\Java\jdk1.8.0_91
USERNAME=Marco
OS=Windows_NT
PROCESSOR_IDENTIFIER=Intel64 Family 6 Model 61 Stepping 4, GenuineIntel



---------------  S Y S T E M  ---------------

OS: Windows 10.0 , 64 bit Build 14393 (10.0.14393.0)

CPU:total 4 (2 cores per cpu, 2 threads per core) family 6 model 61 stepping 4, cmov, cx8, fxsr, mmx, sse, sse2, sse3, ssse3, sse4.1, sse4.2, popcnt, avx, avx2, aes, clmul, erms, 3dnowpref, lzcnt, ht, tsc, tscinvbit, bmi1, bmi2, adx

Memory: 4k page, physical 8190516k(2358128k free), swap 12122676k(2798436k free)

vm_info: Java HotSpot(TM) 64-Bit Server VM (25.91-b14) for windows-amd64 JRE (1.8.0_91-b14), built on Apr  1 2016 00:58:32 by "java_re" with MS VC++ 10.0 (VS2010)

time: Tue Mar 21 17:35:40 2017
elapsed time: 0 seconds (0d 0h 0m 0s)

